<?xml version="1.0" encoding="UTF-8"?>
<!-- Generated by org.testng.reporters.JUnitXMLReporter -->
<testsuite ignored="0" hostname="LAPTOP-AADHNP75" failures="0" tests="4" name="Test" time="21.482" errors="0" timestamp="28 Jul 2024 07:20:32 GMT">
  <testcase classname="testCases.TC001_AccountRegistrationTest" name="verifyAccountRegistration" time="3.464"/>
  <testcase classname="testCases.TC003_LoginTestDTT" name="verifyLogin" time="2.176"/>
  <testcase classname="testCases.TC003_LoginTestDTT" name="verifyLogin" time="2.009"/>
  <testcase classname="testCases.TC003_LoginTestDTT" name="verifyLogin" time="1.875"/>
</testsuite> <!-- Test -->
