<?xml version="1.0" encoding="UTF-8"?>
<!-- Generated by org.testng.reporters.JUnitXMLReporter -->
<testsuite ignored="0" hostname="LAPTOP-AADHNP75" failures="1" tests="4" name="Test" time="12.908" errors="0" timestamp="26 Jul 2024 09:40:39 GMT">
  <testcase classname="testCases.TC001_AccountRegistrationTest" name="verifyAccountRegistration" time="2.464">
    <failure type="java.lang.AssertionError" message="The following asserts failed:
	expected [Your Account Has Been Created] but found [Your Account Has Been Created!]">
      <![CDATA[java.lang.AssertionError: The following asserts failed:
expected [Your Account Has Been Created] but found [Your Account Has Been Created!]
at testCases.TC001_AccountRegistrationTest.verifyAccountRegistration(TC001_AccountRegistrationTest.java:32)
... Removed 26 stack frames]]>
    </failure>
  </testcase> <!-- verifyAccountRegistration -->
  <testcase classname="testCases.TC002_LoginTest" name="verifyLogin" time="1.77"/>
  <testcase classname="testCases.TC002_LoginTest" name="verifyLogin" time="1.441"/>
  <testcase classname="testCases.TC002_LoginTest" name="verifyLogin" time="1.413"/>
</testsuite> <!-- Test -->
