<?xml version="1.0" encoding="UTF-8"?>
<testng-results ignored="0" total="4" passed="4" failed="0" skipped="0">
  <reporter-output>
  </reporter-output>
  <suite started-at="2024-07-28T07:20:10Z" name="Suite" finished-at="2024-07-28T07:20:32Z" duration-ms="21482">
    <groups>
      <group name="Master">
        <method signature="TC001_AccountRegistrationTest.verifyAccountRegistration()[pri:0, instance:testCases.TC001_AccountRegistrationTest@106cc338]" name="verifyAccountRegistration" class="testCases.TC001_AccountRegistrationTest"/>
        <method signature="TC003_LoginTestDTT.verifyLogin(java.lang.String, java.lang.String)[pri:0, instance:testCases.TC003_LoginTestDTT@7a67e3c6]" name="verifyLogin" class="testCases.TC003_LoginTestDTT"/>
      </group> <!-- Master -->
      <group name="Sanity">
        <method signature="TC001_AccountRegistrationTest.verifyAccountRegistration()[pri:0, instance:testCases.TC001_AccountRegistrationTest@106cc338]" name="verifyAccountRegistration" class="testCases.TC001_AccountRegistrationTest"/>
        <method signature="TC003_LoginTestDTT.verifyLogin(java.lang.String, java.lang.String)[pri:0, instance:testCases.TC003_LoginTestDTT@7a67e3c6]" name="verifyLogin" class="testCases.TC003_LoginTestDTT"/>
      </group> <!-- Sanity -->
    </groups>
    <test started-at="2024-07-28T07:20:10Z" name="Test" finished-at="2024-07-28T07:20:32Z" duration-ms="21482">
      <class name="testCases.TC003_LoginTestDTT">
        <test-method is-config="true" signature="setUp(java.lang.String, java.lang.String)[pri:0, instance:testCases.TC003_LoginTestDTT@7a67e3c6]" started-at="2024-07-28T07:20:18Z" name="setUp" finished-at="2024-07-28T07:20:21Z" duration-ms="2962" status="PASS">
          <params>
            <param index="0">
              <value>
                <![CDATA[Windows]]>
              </value>
            </param>
            <param index="1">
              <value>
                <![CDATA[Chrome]]>
              </value>
            </param>
          </params>
          <reporter-output>
          </reporter-output>
        </test-method> <!-- setUp -->
        <test-method signature="verifyLogin(java.lang.String, java.lang.String)[pri:0, instance:testCases.TC003_LoginTestDTT@7a67e3c6]" started-at="2024-07-28T07:20:25Z" name="verifyLogin" data-provider="logindata_xl" finished-at="2024-07-28T07:20:27Z" duration-ms="2176" status="PASS">
          <params>
            <param index="0">
              <value>
                <![CDATA[fname@gmail.com]]>
              </value>
            </param>
            <param index="1">
              <value>
                <![CDATA[password123]]>
              </value>
            </param>
          </params>
          <reporter-output>
          </reporter-output>
        </test-method> <!-- verifyLogin -->
        <test-method signature="verifyLogin(java.lang.String, java.lang.String)[pri:0, instance:testCases.TC003_LoginTestDTT@7a67e3c6]" started-at="2024-07-28T07:20:27Z" name="verifyLogin" data-provider="logindata_xl" finished-at="2024-07-28T07:20:29Z" duration-ms="2009" status="PASS">
          <params>
            <param index="0">
              <value>
                <![CDATA[fname1@gmail.com]]>
              </value>
            </param>
            <param index="1">
              <value>
                <![CDATA[password123]]>
              </value>
            </param>
          </params>
          <reporter-output>
          </reporter-output>
        </test-method> <!-- verifyLogin -->
        <test-method signature="verifyLogin(java.lang.String, java.lang.String)[pri:0, instance:testCases.TC003_LoginTestDTT@7a67e3c6]" started-at="2024-07-28T07:20:29Z" name="verifyLogin" data-provider="logindata_xl" finished-at="2024-07-28T07:20:31Z" duration-ms="1875" status="PASS">
          <params>
            <param index="0">
              <value>
                <![CDATA[fname2@gmail.com]]>
              </value>
            </param>
            <param index="1">
              <value>
                <![CDATA[password123]]>
              </value>
            </param>
          </params>
          <reporter-output>
          </reporter-output>
        </test-method> <!-- verifyLogin -->
        <test-method is-config="true" signature="tearDown()[pri:0, instance:testCases.TC003_LoginTestDTT@7a67e3c6]" started-at="2024-07-28T07:20:31Z" name="tearDown" finished-at="2024-07-28T07:20:32Z" duration-ms="251" status="PASS">
          <reporter-output>
          </reporter-output>
        </test-method> <!-- tearDown -->
      </class> <!-- testCases.TC003_LoginTestDTT -->
      <class name="testCases.TC001_AccountRegistrationTest">
        <test-method is-config="true" signature="setUp(java.lang.String, java.lang.String)[pri:0, instance:testCases.TC001_AccountRegistrationTest@106cc338]" started-at="2024-07-28T07:20:10Z" name="setUp" finished-at="2024-07-28T07:20:14Z" duration-ms="3921" status="PASS">
          <params>
            <param index="0">
              <value>
                <![CDATA[Windows]]>
              </value>
            </param>
            <param index="1">
              <value>
                <![CDATA[Chrome]]>
              </value>
            </param>
          </params>
          <reporter-output>
          </reporter-output>
        </test-method> <!-- setUp -->
        <test-method signature="verifyAccountRegistration()[pri:0, instance:testCases.TC001_AccountRegistrationTest@106cc338]" started-at="2024-07-28T07:20:14Z" name="verifyAccountRegistration" finished-at="2024-07-28T07:20:18Z" duration-ms="3464" status="PASS">
          <reporter-output>
          </reporter-output>
        </test-method> <!-- verifyAccountRegistration -->
        <test-method is-config="true" signature="tearDown()[pri:0, instance:testCases.TC001_AccountRegistrationTest@106cc338]" started-at="2024-07-28T07:20:18Z" name="tearDown" finished-at="2024-07-28T07:20:18Z" duration-ms="254" status="PASS">
          <reporter-output>
          </reporter-output>
        </test-method> <!-- tearDown -->
      </class> <!-- testCases.TC001_AccountRegistrationTest -->
    </test> <!-- Test -->
  </suite> <!-- Suite -->
</testng-results>
